<?xml version="1.0" encoding="UTF-8"?>
<testng-results ignored="0" total="1" passed="1" failed="0" skipped="0">
  <reporter-output>
  </reporter-output>
  <suite started-at="2024-04-25T18:14:06 IST" name="Default suite" finished-at="2024-04-25T18:14:11 IST" duration-ms="5022">
    <groups>
    </groups>
    <test started-at="2024-04-25T18:14:06 IST" name="Default test" finished-at="2024-04-25T18:14:11 IST" duration-ms="5022">
      <class name="com.cnbc.Base.base">
        <test-method signature="configureAppium()[pri:0, instance:com.cnbc.Base.base@4d154ccd]" started-at="2024-04-25T18:14:06 IST" name="configureAppium" finished-at="2024-04-25T18:14:11 IST" duration-ms="4991" status="PASS">
          <reporter-output>
          </reporter-output>
        </test-method> <!-- configureAppium -->
      </class> <!-- com.cnbc.Base.base -->
    </test> <!-- Default test -->
  </suite> <!-- Default suite -->
</testng-results>
